# JRE version: OpenJDK Runtime Environment (11.0.15) (build 11.0.15+0-b2043.56-9505619)
# Java VM: OpenJDK 64-Bit Server VM (11.0.15+0-b2043.56-9505619, mixed mode, tiered, compressed oops, g1 gc, windows-amd64)
Heap:
 garbage-first heap   total 324608K, used 219487K [0x0000000080000000, 0x0000000100000000)
  region size 1024K, 20 young (20480K), 1 survivors (1024K)
 Metaspace       used 124283K, capacity 127698K, committed 127824K, reserved 1161216K
  class space    used 15293K, capacity 16560K, committed 16588K, reserved 1048576K
GC Heap History (20 events):
Event: 10028.506 GC heap before
{Heap before GC invocations=79 (full 0):
 garbage-first heap   total 324608K, used 269372K [0x0000000080000000, 0x0000000100000000)
  region size 1024K, 48 young (49152K), 2 survivors (2048K)
 Metaspace       used 115525K, capacity 118740K, committed 118864K, reserved 1153024K
  class space    used 14298K, capacity 15454K, committed 15564K, reserved 1048576K
}
Event: 10028.511 GC heap after
{Heap after GC invocations=80 (full 0):
 garbage-first heap   total 324608K, used 221640K [0x0000000080000000, 0x0000000100000000)
  region size 1024K, 3 young (3072K), 3 survivors (3072K)
 Metaspace       used 115525K, capacity 118740K, committed 118864K, reserved 1153024K
  class space    used 14298K, capacity 15454K, committed 15564K, reserved 1048576K
}
Event: 10028.786 GC heap before
{Heap before GC invocations=81 (full 0):
 garbage-first heap   total 324608K, used 251276K [0x0000000080000000, 0x0000000100000000)
  region size 1024K, 52 young (53248K), 3 survivors (3072K)
 Metaspace       used 116728K, capacity 119948K, committed 120272K, reserved 1155072K
  class space    used 14411K, capacity 15558K, committed 15692K, reserved 1048576K
}
Event: 10028.796 GC heap after
{Heap after GC invocations=82 (full 0):
 garbage-first heap   total 324608K, used 208846K [0x0000000080000000, 0x0000000100000000)
  region size 1024K, 7 young (7168K), 7 survivors (7168K)
 Metaspace       used 116728K, capacity 119948K, committed 120272K, reserved 1155072K
  class space    used 14411K, capacity 15558K, committed 15692K, reserved 1048576K
}
Event: 10028.841 GC heap before
{Heap before GC invocations=82 (full 0):
 garbage-first heap   total 324608K, used 216014K [0x0000000080000000, 0x0000000100000000)
  region size 1024K, 15 young (15360K), 7 survivors (7168K)
 Metaspace       used 116942K, capacity 120110K, committed 120272K, reserved 1155072K
  class space    used 14429K, capacity 15590K, committed 15692K, reserved 1048576K
}
Event: 10028.859 GC heap after
{Heap after GC invocations=83 (full 0):
 garbage-first heap   total 324608K, used 202422K [0x0000000080000000, 0x0000000100000000)
  region size 1024K, 2 young (2048K), 2 survivors (2048K)
 Metaspace       used 116942K, capacity 120110K, committed 120272K, reserved 1155072K
  class space    used 14429K, capacity 15590K, committed 15692K, reserved 1048576K
}
Event: 10030.036 GC heap before
{Heap before GC invocations=83 (full 0):
 garbage-first heap   total 324608K, used 263862K [0x0000000080000000, 0x0000000100000000)
  region size 1024K, 63 young (64512K), 2 survivors (2048K)
 Metaspace       used 120216K, capacity 123402K, committed 123472K, reserved 1157120K
  class space    used 14856K, capacity 16021K, committed 16076K, reserved 1048576K
}
Event: 10030.045 GC heap after
{Heap after GC invocations=84 (full 0):
 garbage-first heap   total 324608K, used 204744K [0x0000000080000000, 0x0000000100000000)
  region size 1024K, 5 young (5120K), 5 survivors (5120K)
 Metaspace       used 120216K, capacity 123402K, committed 123472K, reserved 1157120K
  class space    used 14856K, capacity 16021K, committed 16076K, reserved 1048576K
}
Event: 10032.648 GC heap before
{Heap before GC invocations=85 (full 0):
 garbage-first heap   total 324608K, used 266184K [0x0000000080000000, 0x0000000100000000)
  region size 1024K, 66 young (67584K), 5 survivors (5120K)
 Metaspace       used 121908K, capacity 125264K, committed 125520K, reserved 1159168K
  class space    used 15040K, capacity 16259K, committed 16332K, reserved 1048576K
}
Event: 10032.661 GC heap after
{Heap after GC invocations=86 (full 0):
 garbage-first heap   total 324608K, used 206517K [0x0000000080000000, 0x0000000100000000)
  region size 1024K, 6 young (6144K), 6 survivors (6144K)
 Metaspace       used 121908K, capacity 125264K, committed 125520K, reserved 1159168K
  class space    used 15040K, capacity 16259K, committed 16332K, reserved 1048576K
}
Event: 10032.783 GC heap before
{Heap before GC invocations=86 (full 0):
 garbage-first heap   total 324608K, used 214709K [0x0000000080000000, 0x0000000100000000)
  region size 1024K, 15 young (15360K), 6 survivors (6144K)
 Metaspace       used 122224K, capacity 125554K, committed 125776K, reserved 1159168K
  class space    used 15080K, capacity 16311K, committed 16332K, reserved 1048576K
}
Event: 10032.794 GC heap after
{Heap after GC invocations=87 (full 0):
 garbage-first heap   total 324608K, used 191342K [0x0000000080000000, 0x0000000100000000)
  region size 1024K, 2 young (2048K), 2 survivors (2048K)
 Metaspace       used 122224K, capacity 125554K, committed 125776K, reserved 1159168K
  class space    used 15080K, capacity 16311K, committed 16332K, reserved 1048576K
}
Event: 10033.199 GC heap before
{Heap before GC invocations=87 (full 0):
 garbage-first heap   total 324608K, used 263022K [0x0000000080000000, 0x0000000100000000)
  region size 1024K, 73 young (74752K), 2 survivors (2048K)
 Metaspace       used 123293K, capacity 126650K, committed 126672K, reserved 1159168K
  class space    used 15194K, capacity 16439K, committed 16460K, reserved 1048576K
}
Event: 10033.212 GC heap after
{Heap after GC invocations=88 (full 0):
 garbage-first heap   total 324608K, used 195769K [0x0000000080000000, 0x0000000100000000)
  region size 1024K, 6 young (6144K), 6 survivors (6144K)
 Metaspace       used 123293K, capacity 126650K, committed 126672K, reserved 1159168K
  class space    used 15194K, capacity 16439K, committed 16460K, reserved 1048576K
}
Event: 10033.727 GC heap before
{Heap before GC invocations=89 (full 0):
 garbage-first heap   total 324608K, used 266425K [0x0000000080000000, 0x0000000100000000)
  region size 1024K, 76 young (77824K), 6 survivors (6144K)
 Metaspace       used 124055K, capacity 127509K, committed 127568K, reserved 1161216K
  class space    used 15276K, capacity 16547K, committed 16588K, reserved 1048576K
}
Event: 10033.738 GC heap after
{Heap after GC invocations=90 (full 0):
 garbage-first heap   total 324608K, used 200763K [0x0000000080000000, 0x0000000100000000)
  region size 1024K, 10 young (10240K), 10 survivors (10240K)
 Metaspace       used 124055K, capacity 127509K, committed 127568K, reserved 1161216K
  class space    used 15276K, capacity 16547K, committed 16588K, reserved 1048576K
}
Event: 10033.765 GC heap before
{Heap before GC invocations=90 (full 0):
 garbage-first heap   total 324608K, used 204859K [0x0000000080000000, 0x0000000100000000)
  region size 1024K, 15 young (15360K), 10 survivors (10240K)
 Metaspace       used 124063K, capacity 127509K, committed 127568K, reserved 1161216K
  class space    used 15276K, capacity 16547K, committed 16588K, reserved 1048576K
}
Event: 10033.773 GC heap after
{Heap after GC invocations=91 (full 0):
 garbage-first heap   total 324608K, used 200908K [0x0000000080000000, 0x0000000100000000)
  region size 1024K, 2 young (2048K), 2 survivors (2048K)
 Metaspace       used 124063K, capacity 127509K, committed 127568K, reserved 1161216K
  class space    used 15276K, capacity 16547K, committed 16588K, reserved 1048576K
}
Event: 10033.793 GC heap before
{Heap before GC invocations=91 (full 0):
 garbage-first heap   total 324608K, used 207052K [0x0000000080000000, 0x0000000100000000)
  region size 1024K, 9 young (9216K), 2 survivors (2048K)
 Metaspace       used 124090K, capacity 127516K, committed 127568K, reserved 1161216K
  class space    used 15277K, capacity 16550K, committed 16588K, reserved 1048576K
}
Event: 10033.796 GC heap after
{Heap after GC invocations=92 (full 0):
 garbage-first heap   total 324608K, used 200031K [0x0000000080000000, 0x0000000100000000)
  region size 1024K, 1 young (1024K), 1 survivors (1024K)
 Metaspace       used 124090K, capacity 127516K, committed 127568K, reserved 1161216K
  class space    used 15277K, capacity 16550K, committed 16588K, reserved 1048576K
}

